java.sql.SQLSyntaxErrorException: ORA-01722: n?mero inv?lido
    at oracle.jdbc.driver.SQLStateMapping.newSQLException(SQLStateMapping.java:91)
    at oracle.jdbc.driver.DatabaseError.newSQLException(DatabaseError.java:133)
    at oracle.jdbc.driver.DatabaseError.throwSqlException(DatabaseError.java:206)
    at oracle.jdbc.driver.T4CTTIoer.processError(T4CTTIoer.java:455)
    at oracle.jdbc.driver.T4CTTIoer.processError(T4CTTIoer.java:413)
    at oracle.jdbc.driver.T4C8Oall.receive(T4C8Oall.java:1034)
    at oracle.jdbc.driver.T4CPreparedStatement.doOall8(T4CPreparedStatement.java:194)
    at oracle.jdbc.driver.T4CPreparedStatement.executeForDescribe(T4CPreparedStatement.java:791)
    at oracle.jdbc.driver.T4CPreparedStatement.executeMaybeDescribe(T4CPreparedStatement.java:866)
    at oracle.jdbc.driver.OracleStatement.doExecuteWithTimeout(OracleStatement.java:1186)
    at oracle.jdbc.driver.OraclePreparedStatement.executeInternal(OraclePreparedStatement.java:3387)
    at oracle.jdbc.driver.OraclePreparedStatement.executeQuery(OraclePreparedStatement.java:3431)
    at oracle.jdbc.driver.OraclePreparedStatementWrapper.executeQuery(OraclePreparedStatementWrapper.java:1491)
    at com.sun.gjc.spi.jdbc40.PreparedStatementWrapper40.executeQuery(PreparedStatementWrapper40.java:642)
    at org.hibernate.engine.jdbc.internal.ResultSetReturnImpl.extract(ResultSetReturnImpl.java:80)
    at org.hibernate.loader.Loader.getResultSet(Loader.java:2065)
    at org.hibernate.loader.Loader.executeQueryStatement(Loader.java:1862)
    at org.hibernate.loader.Loader.executeQueryStatement(Loader.java:1838)
    at org.hibernate.loader.Loader.doQuery(Loader.java:909)
    at org.hibernate.loader.Loader.doQueryAndInitializeNonLazyCollections(Loader.java:354)
    at org.hibernate.loader.Loader.doList(Loader.java:2553)
    at org.hibernate.loader.Loader.doList(Loader.java:2539)
    at org.hibernate.loader.Loader.listIgnoreQueryCache(Loader.java:2369)
    at org.hibernate.loader.Loader.list(Loader.java:2364)
    at org.hibernate.loader.custom.CustomLoader.list(CustomLoader.java:353)
    at org.hibernate.internal.SessionImpl.listCustomQuery(SessionImpl.java:1873)
    at org.hibernate.internal.AbstractSessionImpl.list(AbstractSessionImpl.java:311)
    at org.hibernate.internal.SQLQueryImpl.list(SQLQueryImpl.java:141)
    at org.hibernate.jpa.internal.QueryImpl.list(QueryImpl.java:573)
    at org.hibernate.jpa.internal.QueryImpl.getResultList(QueryImpl.java:449)
    at com.sun.enterprise.container.common.impl.QueryWrapper.getResultList(QueryWrapper.java:84)
    at net.sf.jkniv.whinstone.jpa2.AbstractQueryJpaAdapter.getResultList(AbstractQueryJpaAdapter.java:91)
    at net.sf.jkniv.whinstone.jpa2.QueryJpaAdapter.getResultList(QueryJpaAdapter.java:138)
    at net.sf.jkniv.whinstone.jpa2.RepositoryJpa.list(RepositoryJpa.java:513)
    at br.com.rwit.clsiv.api.services.RouteTagService.listPlanPdvs(RouteTagService.java:81)
    at br.com.rwit.clsiv.api.resources.RouteTagResource.routeTagPointOfSales(RouteTagResource.java:73)
    at sun.reflect.NativeMethodAccessorImpl.invoke0(Native Method)
    at sun.reflect.NativeMethodAccessorImpl.invoke(NativeMethodAccessorImpl.java:62)
    at sun.reflect.DelegatingMethodAccessorImpl.invoke(DelegatingMethodAccessorImpl.java:43)
    at java.lang.reflect.Method.invoke(Method.java:483)
    at org.glassfish.jersey.server.model.internal.ResourceMethodInvocationHandlerFactory$1.invoke(ResourceMethodInvocationHandlerFactory.java:81)
    at org.glassfish.jersey.server.model.internal.AbstractJavaResourceMethodDispatcher$1.run(AbstractJavaResourceMethodDispatcher.java:151)
    at org.glassfish.jersey.server.model.internal.AbstractJavaResourceMethodDispatcher.invoke(AbstractJavaResourceMethodDispatcher.java:171)
    at org.glassfish.jersey.server.model.internal.JavaResourceMethodDispatcherProvider$TypeOutInvoker.doDispatch(JavaResourceMethodDispatcherProvider.java:195)
    at org.glassfish.jersey.server.model.internal.AbstractJavaResourceMethodDispatcher.dispatch(AbstractJavaResourceMethodDispatcher.java:104)
    at org.glassfish.jersey.server.model.ResourceMethodInvoker.invoke(ResourceMethodInvoker.java:387)
    at org.glassfish.jersey.server.model.ResourceMethodInvoker.apply(ResourceMethodInvoker.java:331)
    at org.glassfish.jersey.server.model.ResourceMethodInvoker.apply(ResourceMethodInvoker.java:103)
    at org.glassfish.jersey.server.ServerRuntime$1.run(ServerRuntime.java:271)
    at org.glassfish.jersey.internal.Errors$1.call(Errors.java:271)
    at org.glassfish.jersey.internal.Errors$1.call(Errors.java:267)
    at org.glassfish.jersey.internal.Errors.process(Errors.java:315)
    at org.glassfish.jersey.internal.Errors.process(Errors.java:297)
    at org.glassfish.jersey.internal.Errors.process(Errors.java:267)
    at org.glassfish.jersey.process.internal.RequestScope.runInScope(RequestScope.java:297)
    at org.glassfish.jersey.server.ServerRuntime.process(ServerRuntime.java:254)
    at org.glassfish.jersey.server.ApplicationHandler.handle(ApplicationHandler.java:1028)
    at org.glassfish.jersey.servlet.WebComponent.service(WebComponent.java:372)
    at org.glassfish.jersey.servlet.ServletContainer.service(ServletContainer.java:381)
    at org.glassfish.jersey.servlet.ServletContainer.service(ServletContainer.java:344)
    at org.glassfish.jersey.servlet.ServletContainer.service(ServletContainer.java:221)
    at org.apache.catalina.core.StandardWrapper.service(StandardWrapper.java:1682)
    at org.apache.catalina.core.StandardWrapperValve.invoke(StandardWrapperValve.java:318)
    at org.apache.catalina.core.StandardContextValve.invoke(StandardContextValve.java:160)
    at org.apache.catalina.core.StandardPipeline.doInvoke(StandardPipeline.java:734)
    at org.apache.catalina.core.StandardPipeline.invoke(StandardPipeline.java:673)
    at com.sun.enterprise.web.WebPipeline.invoke(WebPipeline.java:99)
    at org.apache.catalina.core.StandardHostValve.invoke(StandardHostValve.java:174)
    at org.apache.catalina.core.StandardPipeline.doInvoke(StandardPipeline.java:734)
    at org.apache.catalina.core.StandardPipeline.invoke(StandardPipeline.java:673)
    at org.apache.catalina.connector.CoyoteAdapter.doService(CoyoteAdapter.java:412)
    at org.apache.catalina.connector.CoyoteAdapter.service(CoyoteAdapter.java:282)
    at com.sun.enterprise.v3.services.impl.ContainerMapper$HttpHandlerCallable.call(ContainerMapper.java:459)
    at com.sun.enterprise.v3.services.impl.ContainerMapper.service(ContainerMapper.java:167)
    at org.glassfish.grizzly.http.server.HttpHandler.runService(HttpHandler.java:201)
    at org.glassfish.grizzly.http.server.HttpHandler.doHandle(HttpHandler.java:175)
    at org.glassfish.grizzly.http.server.HttpServerFilter.handleRead(HttpServerFilter.java:235)
    at org.glassfish.grizzly.filterchain.ExecutorResolver$9.execute(ExecutorResolver.java:119)
    at org.glassfish.grizzly.filterchain.DefaultFilterChain.executeFilter(DefaultFilterChain.java:284)
    at org.glassfish.grizzly.filterchain.DefaultFilterChain.executeChainPart(DefaultFilterChain.java:201)
    at org.glassfish.grizzly.filterchain.DefaultFilterChain.execute(DefaultFilterChain.java:133)
    at org.glassfish.grizzly.filterchain.DefaultFilterChain.process(DefaultFilterChain.java:112)
    at org.glassfish.grizzly.ProcessorExecutor.execute(ProcessorExecutor.java:77)
    at org.glassfish.grizzly.nio.transport.TCPNIOTransport.fireIOEvent(TCPNIOTransport.java:561)
    at org.glassfish.grizzly.strategies.AbstractIOStrategy.fireIOEvent(AbstractIOStrategy.java:112)
    at org.glassfish.grizzly.strategies.WorkerThreadIOStrategy.run0(WorkerThreadIOStrategy.java:117)
    at org.glassfish.grizzly.strategies.WorkerThreadIOStrategy.access$100(WorkerThreadIOStrategy.java:56)
    at org.glassfish.grizzly.strategies.WorkerThreadIOStrategy$WorkerThreadRunnable.run(WorkerThreadIOStrategy.java:137)
    at org.glassfish.grizzly.threadpool.AbstractThreadPool$Worker.doWork(AbstractThreadPool.java:565)
    at org.glassfish.grizzly.threadpool.AbstractThreadPool$Worker.run(AbstractThreadPool.java:545)
    at java.lang.Thread.run(Thread.java:745)

]]
